Arguments: 
  /usr/local/bin/node /usr/local/bin/yarn add video.js

PATH: 
  /usr/local/sbin:/usr/local/bin:/usr/sbin:/usr/bin:/sbin:/bin:/snap/bin

Yarn version: 
  1.3.2

Node version: 
  9.4.0

Platform: 
  linux x64

npm manifest: 
  {
    "name": "mookvideo",
    "version": "1.0.0",
    "description": "",
    "main": "index.js",
    "scripts": {
      "test": "echo \"Error: no test specified\" && exit 1",
      "start": "parcel index.html -p 3000"
    },
    "author": "",
    "license": "ISC"
  }

yarn manifest: 
  No manifest

Lockfile: 
  No lockfile

Trace: 
  Error: getaddrinfo EAI_AGAIN registry.npmjs.org:443
      at Object._errnoException (util.js:1003:13)
      at errnoException (dns.js:60:15)
      at GetAddrInfoReqWrap.onlookup [as oncomplete] (dns.js:97:26)
